# JRE version: OpenJDK Runtime Environment (8.0_152-b01) (build 1.8.0_152-release-915-b01)
# Java VM: OpenJDK 64-Bit Server VM (25.152-b01 mixed mode windows-amd64 compressed oops)
Heap:
 PSYoungGen      total 369664K, used 255111K [0x00000000e0000000, 0x00000000fe080000, 0x0000000100000000)
  eden space 334848K, 73% used [0x00000000e0000000,0x00000000ef127790,0x00000000f4700000)
  from space 34816K, 23% used [0x00000000f4700000,0x00000000f4efa528,0x00000000f6900000)
  to   space 33792K, 0% used [0x00000000fbf80000,0x00000000fbf80000,0x00000000fe080000)
 ParOldGen       total 107008K, used 69233K [0x00000000a0000000, 0x00000000a6880000, 0x00000000e0000000)
  object space 107008K, 64% used [0x00000000a0000000,0x00000000a439c588,0x00000000a6880000)
 Metaspace       used 82102K, capacity 86920K, committed 87060K, reserved 1124352K
  class space    used 10422K, capacity 11532K, committed 11580K, reserved 1048576K
GC Heap History (10 events):
Event: 1030.875 GC heap before
{Heap before GC invocations=22 (full 3):
 PSYoungGen      total 249344K, used 248393K [0x00000000e0000000, 0x00000000f3280000, 0x0000000100000000)
  eden space 216064K, 99% used [0x00000000e0000000,0x00000000ed213858,0x00000000ed300000)
  from space 33280K, 99% used [0x00000000ef900000,0x00000000f197eea8,0x00000000f1980000)
  to   space 38912K, 0% used [0x00000000ed300000,0x00000000ed300000,0x00000000ef900000)
 ParOldGen       total 107008K, used 48998K [0x00000000a0000000, 0x00000000a6880000, 0x00000000e0000000)
  object space 107008K, 45% used [0x00000000a0000000,0x00000000a2fd9988,0x00000000a6880000)
 Metaspace       used 79462K, capacity 83144K, committed 83476K, reserved 1122304K
  class space    used 10123K, capacity 10980K, committed 11068K, reserved 1048576K
Event: 1030.923 GC heap after
Heap after GC invocations=22 (full 3):
 PSYoungGen      total 254976K, used 17599K [0x00000000e0000000, 0x00000000f4480000, 0x0000000100000000)
  eden space 216064K, 0% used [0x00000000e0000000,0x00000000e0000000,0x00000000ed300000)
  from space 38912K, 45% used [0x00000000ed300000,0x00000000ee42fe48,0x00000000ef900000)
  to   space 36864K, 0% used [0x00000000f2080000,0x00000000f2080000,0x00000000f4480000)
 ParOldGen       total 107008K, used 58745K [0x00000000a0000000, 0x00000000a6880000, 0x00000000e0000000)
  object space 107008K, 54% used [0x00000000a0000000,0x00000000a395e468,0x00000000a6880000)
 Metaspace       used 79462K, capacity 83144K, committed 83476K, reserved 1122304K
  class space    used 10123K, capacity 10980K, committed 11068K, reserved 1048576K
}
Event: 1030.965 GC heap before
{Heap before GC invocations=23 (full 3):
 PSYoungGen      total 254976K, used 233548K [0x00000000e0000000, 0x00000000f4480000, 0x0000000100000000)
  eden space 216064K, 99% used [0x00000000e0000000,0x00000000ed2e3280,0x00000000ed300000)
  from space 38912K, 45% used [0x00000000ed300000,0x00000000ee42fe48,0x00000000ef900000)
  to   space 36864K, 0% used [0x00000000f2080000,0x00000000f2080000,0x00000000f4480000)
 ParOldGen       total 107008K, used 58745K [0x00000000a0000000, 0x00000000a6880000, 0x00000000e0000000)
  object space 107008K, 54% used [0x00000000a0000000,0x00000000a395e468,0x00000000a6880000)
 Metaspace       used 79468K, capacity 83144K, committed 83476K, reserved 1122304K
  class space    used 10123K, capacity 10980K, committed 11068K, reserved 1048576K
Event: 1030.987 GC heap after
Heap after GC invocations=23 (full 3):
 PSYoungGen      total 295936K, used 7979K [0x00000000e0000000, 0x00000000f6000000, 0x0000000100000000)
  eden space 259072K, 0% used [0x00000000e0000000,0x00000000e0000000,0x00000000efd00000)
  from space 36864K, 21% used [0x00000000f2080000,0x00000000f284ad70,0x00000000f4480000)
  to   space 36352K, 0% used [0x00000000efd00000,0x00000000efd00000,0x00000000f2080000)
 ParOldGen       total 107008K, used 63550K [0x00000000a0000000, 0x00000000a6880000, 0x00000000e0000000)
  object space 107008K, 59% used [0x00000000a0000000,0x00000000a3e0fb38,0x00000000a6880000)
 Metaspace       used 79468K, capacity 83144K, committed 83476K, reserved 1122304K
  class space    used 10123K, capacity 10980K, committed 11068K, reserved 1048576K
}
Event: 2232.345 GC heap before
{Heap before GC invocations=24 (full 3):
 PSYoungGen      total 295936K, used 267051K [0x00000000e0000000, 0x00000000f6000000, 0x0000000100000000)
  eden space 259072K, 100% used [0x00000000e0000000,0x00000000efd00000,0x00000000efd00000)
  from space 36864K, 21% used [0x00000000f2080000,0x00000000f284ad70,0x00000000f4480000)
  to   space 36352K, 0% used [0x00000000efd00000,0x00000000efd00000,0x00000000f2080000)
 ParOldGen       total 107008K, used 63550K [0x00000000a0000000, 0x00000000a6880000, 0x00000000e0000000)
  object space 107008K, 59% used [0x00000000a0000000,0x00000000a3e0fb38,0x00000000a6880000)
 Metaspace       used 79954K, capacity 83878K, committed 84116K, reserved 1122304K
  class space    used 10180K, capacity 11089K, committed 11196K, reserved 1048576K
Event: 2232.445 GC heap after
Heap after GC invocations=24 (full 3):
 PSYoungGen      total 295424K, used 2609K [0x00000000e0000000, 0x00000000f9400000, 0x0000000100000000)
  eden space 259072K, 0% used [0x00000000e0000000,0x00000000e0000000,0x00000000efd00000)
  from space 36352K, 7% used [0x00000000efd00000,0x00000000eff8c530,0x00000000f2080000)
  to   space 36864K, 0% used [0x00000000f7000000,0x00000000f7000000,0x00000000f9400000)
 ParOldGen       total 107008K, used 67555K [0x00000000a0000000, 0x00000000a6880000, 0x00000000e0000000)
  object space 107008K, 63% used [0x00000000a0000000,0x00000000a41f8fe0,0x00000000a6880000)
 Metaspace       used 79954K, capacity 83878K, committed 84116K, reserved 1122304K
  class space    used 10180K, capacity 11089K, committed 11196K, reserved 1048576K
}
Event: 2239.581 GC heap before
{Heap before GC invocations=25 (full 3):
 PSYoungGen      total 295424K, used 261575K [0x00000000e0000000, 0x00000000f9400000, 0x0000000100000000)
  eden space 259072K, 99% used [0x00000000e0000000,0x00000000efce5818,0x00000000efd00000)
  from space 36352K, 7% used [0x00000000efd00000,0x00000000eff8c530,0x00000000f2080000)
  to   space 36864K, 0% used [0x00000000f7000000,0x00000000f7000000,0x00000000f9400000)
 ParOldGen       total 107008K, used 67555K [0x00000000a0000000, 0x00000000a6880000, 0x00000000e0000000)
  object space 107008K, 63% used [0x00000000a0000000,0x00000000a41f8fe0,0x00000000a6880000)
 Metaspace       used 80976K, capacity 85214K, committed 85524K, reserved 1124352K
  class space    used 10270K, capacity 11255K, committed 11324K, reserved 1048576K
Event: 2239.602 GC heap after
Heap after GC invocations=25 (full 3):
 PSYoungGen      total 362496K, used 15443K [0x00000000e0000000, 0x00000000f8b00000, 0x0000000100000000)
  eden space 334848K, 0% used [0x00000000e0000000,0x00000000e0000000,0x00000000f4700000)
  from space 27648K, 55% used [0x00000000f7000000,0x00000000f7f14da8,0x00000000f8b00000)
  to   space 34816K, 0% used [0x00000000f4700000,0x00000000f4700000,0x00000000f6900000)
 ParOldGen       total 107008K, used 68005K [0x00000000a0000000, 0x00000000a6880000, 0x00000000e0000000)
  object space 107008K, 63% used [0x00000000a0000000,0x00000000a4269500,0x00000000a6880000)
 Metaspace       used 80976K, capacity 85214K, committed 85524K, reserved 1124352K
  class space    used 10270K, capacity 11255K, committed 11324K, reserved 1048576K
}
Event: 2334.471 GC heap before
{Heap before GC invocations=26 (full 3):
 PSYoungGen      total 362496K, used 350291K [0x00000000e0000000, 0x00000000f8b00000, 0x0000000100000000)
  eden space 334848K, 100% used [0x00000000e0000000,0x00000000f4700000,0x00000000f4700000)
  from space 27648K, 55% used [0x00000000f7000000,0x00000000f7f14da8,0x00000000f8b00000)
  to   space 34816K, 0% used [0x00000000f4700000,0x00000000f4700000,0x00000000f6900000)
 ParOldGen       total 107008K, used 68005K [0x00000000a0000000, 0x00000000a6880000, 0x00000000e0000000)
  object space 107008K, 63% used [0x00000000a0000000,0x00000000a4269500,0x00000000a6880000)
 Metaspace       used 81632K, capacity 86116K, committed 86164K, reserved 1124352K
  class space    used 10375K, capacity 11430K, committed 11452K, reserved 1048576K
Event: 2334.504 GC heap after
Heap after GC invocations=26 (full 3):
 PSYoungGen      total 369664K, used 8169K [0x00000000e0000000, 0x00000000fe080000, 0x0000000100000000)
  eden space 334848K, 0% used [0x00000000e0000000,0x00000000e0000000,0x00000000f4700000)
  from space 34816K, 23% used [0x00000000f4700000,0x00000000f4efa528,0x00000000f6900000)
  to   space 33792K, 0% used [0x00000000fbf80000,0x00000000fbf80000,0x00000000fe080000)
 ParOldGen       total 107008K, used 69233K [0x00000000a0000000, 0x00000000a6880000, 0x00000000e0000000)
  object space 107008K, 64% used [0x00000000a0000000,0x00000000a439c588,0x00000000a6880000)
 Metaspace       used 81632K, capacity 86116K, committed 86164K, reserved 1124352K
  class space    used 10375K, capacity 11430K, committed 11452K, reserved 1048576K
}

